# JRE version: OpenJDK Runtime Environment (8.0_152-b01) (build 1.8.0_152-release-1248-b01)
# Java VM: OpenJDK 64-Bit Server VM (25.152-b01 mixed mode windows-amd64 compressed oops)
Heap:
 PSYoungGen      total 353792K, used 116431K [0x00000000e0000000, 0x00000000f8800000, 0x0000000100000000)
  eden space 307712K, 36% used [0x00000000e0000000,0x00000000e6c36dc0,0x00000000f2c80000)
  from space 46080K, 12% used [0x00000000f2c80000,0x00000000f31fced8,0x00000000f5980000)
  to   space 47616K, 0% used [0x00000000f5980000,0x00000000f5980000,0x00000000f8800000)
 ParOldGen       total 111104K, used 73566K [0x00000000a0000000, 0x00000000a6c80000, 0x00000000e0000000)
  object space 111104K, 66% used [0x00000000a0000000,0x00000000a47d7b90,0x00000000a6c80000)
 Metaspace       used 102253K, capacity 107054K, committed 107736K, reserved 1142784K
  class space    used 12616K, capacity 13543K, committed 13784K, reserved 1048576K
GC Heap History (10 events):
Event: 5464.723 GC heap before
{Heap before GC invocations=60 (full 7):
 PSYoungGen      total 309248K, used 279040K [0x00000000e0000000, 0x00000000f8480000, 0x0000000100000000)
  eden space 279040K, 100% used [0x00000000e0000000,0x00000000f1080000,0x00000000f1080000)
  from space 30208K, 0% used [0x00000000f4100000,0x00000000f4100000,0x00000000f5e80000)
  to   space 49664K, 0% used [0x00000000f1080000,0x00000000f1080000,0x00000000f4100000)
 ParOldGen       total 111104K, used 46259K [0x00000000a0000000, 0x00000000a6c80000, 0x00000000e0000000)
  object space 111104K, 41% used [0x00000000a0000000,0x00000000a2d2cc60,0x00000000a6c80000)
 Metaspace       used 102081K, capacity 106866K, committed 107736K, reserved 1142784K
  class space    used 12604K, capacity 13505K, committed 13784K, reserved 1048576K
Event: 5464.963 GC heap after
Heap after GC invocations=60 (full 7):
 PSYoungGen      total 328704K, used 20545K [0x00000000e0000000, 0x00000000f8800000, 0x0000000100000000)
  eden space 279040K, 0% used [0x00000000e0000000,0x00000000e0000000,0x00000000f1080000)
  from space 49664K, 41% used [0x00000000f1080000,0x00000000f2490510,0x00000000f4100000)
  to   space 47616K, 0% used [0x00000000f5980000,0x00000000f5980000,0x00000000f8800000)
 ParOldGen       total 111104K, used 46267K [0x00000000a0000000, 0x00000000a6c80000, 0x00000000e0000000)
  object space 111104K, 41% used [0x00000000a0000000,0x00000000a2d2ec60,0x00000000a6c80000)
 Metaspace       used 102081K, capacity 106866K, committed 107736K, reserved 1142784K
  class space    used 12604K, capacity 13505K, committed 13784K, reserved 1048576K
}
Event: 5467.566 GC heap before
{Heap before GC invocations=61 (full 7):
 PSYoungGen      total 328704K, used 299585K [0x00000000e0000000, 0x00000000f8800000, 0x0000000100000000)
  eden space 279040K, 100% used [0x00000000e0000000,0x00000000f1080000,0x00000000f1080000)
  from space 49664K, 41% used [0x00000000f1080000,0x00000000f2490510,0x00000000f4100000)
  to   space 47616K, 0% used [0x00000000f5980000,0x00000000f5980000,0x00000000f8800000)
 ParOldGen       total 111104K, used 46267K [0x00000000a0000000, 0x00000000a6c80000, 0x00000000e0000000)
  object space 111104K, 41% used [0x00000000a0000000,0x00000000a2d2ec60,0x00000000a6c80000)
 Metaspace       used 102109K, capacity 106938K, committed 107736K, reserved 1142784K
  class space    used 12606K, capacity 13507K, committed 13784K, reserved 1048576K
Event: 5467.702 GC heap after
Heap after GC invocations=61 (full 7):
 PSYoungGen      total 355328K, used 20325K [0x00000000e0000000, 0x00000000f8800000, 0x0000000100000000)
  eden space 307712K, 0% used [0x00000000e0000000,0x00000000e0000000,0x00000000f2c80000)
  from space 47616K, 42% used [0x00000000f5980000,0x00000000f6d59600,0x00000000f8800000)
  to   space 46080K, 0% used [0x00000000f2c80000,0x00000000f2c80000,0x00000000f5980000)
 ParOldGen       total 111104K, used 46275K [0x00000000a0000000, 0x00000000a6c80000, 0x00000000e0000000)
  object space 111104K, 41% used [0x00000000a0000000,0x00000000a2d30c60,0x00000000a6c80000)
 Metaspace       used 102109K, capacity 106938K, committed 107736K, reserved 1142784K
  class space    used 12606K, capacity 13507K, committed 13784K, reserved 1048576K
}
Event: 5469.780 GC heap before
{Heap before GC invocations=62 (full 7):
 PSYoungGen      total 355328K, used 328037K [0x00000000e0000000, 0x00000000f8800000, 0x0000000100000000)
  eden space 307712K, 100% used [0x00000000e0000000,0x00000000f2c80000,0x00000000f2c80000)
  from space 47616K, 42% used [0x00000000f5980000,0x00000000f6d59600,0x00000000f8800000)
  to   space 46080K, 0% used [0x00000000f2c80000,0x00000000f2c80000,0x00000000f5980000)
 ParOldGen       total 111104K, used 46275K [0x00000000a0000000, 0x00000000a6c80000, 0x00000000e0000000)
  object space 111104K, 41% used [0x00000000a0000000,0x00000000a2d30c60,0x00000000a6c80000)
 Metaspace       used 102131K, capacity 106938K, committed 107736K, reserved 1142784K
  class space    used 12606K, capacity 13507K, committed 13784K, reserved 1048576K
Event: 5469.913 GC heap after
Heap after GC invocations=62 (full 7):
 PSYoungGen      total 353792K, used 6368K [0x00000000e0000000, 0x00000000f8800000, 0x0000000100000000)
  eden space 307712K, 0% used [0x00000000e0000000,0x00000000e0000000,0x00000000f2c80000)
  from space 46080K, 13% used [0x00000000f2c80000,0x00000000f32b8148,0x00000000f5980000)
  to   space 47616K, 0% used [0x00000000f5980000,0x00000000f5980000,0x00000000f8800000)
 ParOldGen       total 111104K, used 59810K [0x00000000a0000000, 0x00000000a6c80000, 0x00000000e0000000)
  object space 111104K, 53% used [0x00000000a0000000,0x00000000a3a68958,0x00000000a6c80000)
 Metaspace       used 102131K, capacity 106938K, committed 107736K, reserved 1142784K
  class space    used 12606K, capacity 13507K, committed 13784K, reserved 1048576K
}
Event: 5471.647 GC heap before
{Heap before GC invocations=63 (full 7):
 PSYoungGen      total 353792K, used 314080K [0x00000000e0000000, 0x00000000f8800000, 0x0000000100000000)
  eden space 307712K, 100% used [0x00000000e0000000,0x00000000f2c80000,0x00000000f2c80000)
  from space 46080K, 13% used [0x00000000f2c80000,0x00000000f32b8148,0x00000000f5980000)
  to   space 47616K, 0% used [0x00000000f5980000,0x00000000f5980000,0x00000000f8800000)
 ParOldGen       total 111104K, used 59810K [0x00000000a0000000, 0x00000000a6c80000, 0x00000000e0000000)
  object space 111104K, 53% used [0x00000000a0000000,0x00000000a3a68958,0x00000000a6c80000)
 Metaspace       used 102164K, capacity 106938K, committed 107736K, reserved 1142784K
  class space    used 12608K, capacity 13507K, committed 13784K, reserved 1048576K
Event: 5471.706 GC heap after
Heap after GC invocations=63 (full 7):
 PSYoungGen      total 355328K, used 12143K [0x00000000e0000000, 0x00000000f8800000, 0x0000000100000000)
  eden space 307712K, 0% used [0x00000000e0000000,0x00000000e0000000,0x00000000f2c80000)
  from space 47616K, 25% used [0x00000000f5980000,0x00000000f655bfc8,0x00000000f8800000)
  to   space 46080K, 0% used [0x00000000f2c80000,0x00000000f2c80000,0x00000000f5980000)
 ParOldGen       total 111104K, used 63235K [0x00000000a0000000, 0x00000000a6c80000, 0x00000000e0000000)
  object space 111104K, 56% used [0x00000000a0000000,0x00000000a3dc0e40,0x00000000a6c80000)
 Metaspace       used 102164K, capacity 106938K, committed 107736K, reserved 1142784K
  class space    used 12608K, capacity 13507K, committed 13784K, reserved 1048576K
}
Event: 5473.347 GC heap before
{Heap before GC invocations=64 (full 7):
 PSYoungGen      total 355328K, used 319855K [0x00000000e0000000, 0x00000000f8800000, 0x0000000100000000)
  eden space 307712K, 100% used [0x00000000e0000000,0x00000000f2c80000,0x00000000f2c80000)
  from space 47616K, 25% used [0x00000000f5980000,0x00000000f655bfc8,0x00000000f8800000)
  to   space 46080K, 0% used [0x00000000f2c80000,0x00000000f2c80000,0x00000000f5980000)
 ParOldGen       total 111104K, used 63235K [0x00000000a0000000, 0x00000000a6c80000, 0x00000000e0000000)
  object space 111104K, 56% used [0x00000000a0000000,0x00000000a3dc0e40,0x00000000a6c80000)
 Metaspace       used 102238K, capacity 107036K, committed 107736K, reserved 1142784K
  class space    used 12615K, capacity 13540K, committed 13784K, reserved 1048576K
Event: 5473.421 GC heap after
Heap after GC invocations=64 (full 7):
 PSYoungGen      total 353792K, used 5619K [0x00000000e0000000, 0x00000000f8800000, 0x0000000100000000)
  eden space 307712K, 0% used [0x00000000e0000000,0x00000000e0000000,0x00000000f2c80000)
  from space 46080K, 12% used [0x00000000f2c80000,0x00000000f31fced8,0x00000000f5980000)
  to   space 47616K, 0% used [0x00000000f5980000,0x00000000f5980000,0x00000000f8800000)
 ParOldGen       total 111104K, used 73566K [0x00000000a0000000, 0x00000000a6c80000, 0x00000000e0000000)
  object space 111104K, 66% used [0x00000000a0000000,0x00000000a47d7b90,0x00000000a6c80000)
 Metaspace       used 102238K, capacity 107036K, committed 107736K, reserved 1142784K
  class space    used 12615K, capacity 13540K, committed 13784K, reserved 1048576K
}

